<?xml version="1.0" encoding="UTF-8"?>
<!-- Generated by org.testng.reporters.JUnitReportReporter -->
<testsuite hostname="Karthick" failures="0" tests="1" name="com.testngLearning.AssertionExample" time="0.010" errors="0" timestamp="22 Feb 2023 15:12:49 GMT" skipped="0">
  <testcase classname="com.testngLearning.AssertionExample" name="CheckedInfo" time="0.010"/>
</testsuite> <!-- com.testngLearning.AssertionExample -->
