<?xml version="1.0" encoding="UTF-8"?>
<!-- Generated by org.testng.reporters.JUnitReportReporter -->
<testsuite hostname="Karthick" failures="0" tests="5" name="com.testngLearning.CarADrive" time="0.011" errors="0" timestamp="22 Feb 2023 13:32:50 GMT" skipped="0">
  <testcase classname="com.testngLearning.CarADrive" name="StartTheCar" time="0.008"/>
  <testcase classname="com.testngLearning.CarADrive" name="PutFirstGear" time="0.001"/>
  <testcase classname="com.testngLearning.CarADrive" name="PutSecondGear" time="0.001"/>
  <testcase classname="com.testngLearning.CarADrive" name="PutThirdGear" time="0.001"/>
  <testcase classname="com.testngLearning.CarADrive" name="PutFourthGear" time="0.000"/>
</testsuite> <!-- com.testngLearning.CarADrive -->
