<?xml version="1.0" encoding="UTF-8"?>
<!-- Generated by org.testng.reporters.JUnitReportReporter -->
<testsuite hostname="Karthick" failures="0" tests="5" name="com.testngInterview.TestMultipleTimes" time="0.013" errors="0" timestamp="20 Feb 2023 13:41:48 GMT" skipped="0">
  <testcase classname="com.testngInterview.TestMultipleTimes" name="Test" time="0.008"/>
  <testcase classname="com.testngInterview.TestMultipleTimes" name="Test" time="0.001"/>
  <testcase classname="com.testngInterview.TestMultipleTimes" name="Test" time="0.001"/>
  <testcase classname="com.testngInterview.TestMultipleTimes" name="Test" time="0.002"/>
  <testcase classname="com.testngInterview.TestMultipleTimes" name="Test" time="0.001"/>
</testsuite> <!-- com.testngInterview.TestMultipleTimes -->
