<?xml version="1.0" encoding="UTF-8"?>
<!-- Generated by org.testng.reporters.JUnitReportReporter -->
<testsuite hostname="Karthick" failures="0" tests="1" name="com.testngLearning.SimpleTestCase" time="0.008" errors="0" timestamp="22 Feb 2023 16:49:26 GMT" skipped="0">
  <testcase classname="com.testngLearning.SimpleTestCase" name="FirstTest" time="0.008"/>
</testsuite> <!-- com.testngLearning.SimpleTestCase -->
