<?xml version="1.0" encoding="UTF-8"?>
<!-- Generated by org.testng.reporters.JUnitReportReporter -->
<testsuite hostname="Karthick" failures="0" tests="3" name="com.testngLearning.DependanciesManagement" time="0.007" errors="0" timestamp="22 Feb 2023 14:16:51 GMT" skipped="0">
  <testcase classname="com.testngLearning.DependanciesManagement" name="Engineering" time="0.002"/>
  <testcase classname="com.testngLearning.DependanciesManagement" name="HighSchool" time="0.003"/>
  <testcase classname="com.testngLearning.DependanciesManagement" name="HighSecondary" time="0.002"/>
</testsuite> <!-- com.testngLearning.DependanciesManagement -->
