<?xml version="1.0" encoding="UTF-8"?>
<!-- Generated by org.testng.reporters.JUnitReportReporter -->
<testsuite hostname="Karthick" failures="0" tests="1" name="com.testngLearning.ParameterizationExample" time="0.010" errors="0" timestamp="22 Feb 2023 14:44:19 GMT" skipped="0">
  <testcase classname="com.testngLearning.ParameterizationExample" name="PrintName" time="0.010"/>
</testsuite> <!-- com.testngLearning.ParameterizationExample -->
