<?xml version="1.0" encoding="UTF-8"?>
<!-- Generated by org.testng.reporters.JUnitReportReporter -->
<testsuite hostname="Karthick" failures="0" tests="2" name="com.testngLearning.ParallelTesting" time="7.579" errors="0" timestamp="22 Feb 2023 15:04:51 GMT" skipped="0">
  <testcase classname="com.testngLearning.ParallelTesting" name="OpenBeing" time="2.759"/>
  <testcase classname="com.testngLearning.ParallelTesting" name="OpenYahoo" time="4.820"/>
</testsuite> <!-- com.testngLearning.ParallelTesting -->
