<?xml version="1.0" encoding="UTF-8"?>
<!-- Generated by org.testng.reporters.JUnitReportReporter -->
<testsuite hostname="Karthick" failures="0" tests="2" name="com.testngInterview.AnnotationTest" time="0.009" errors="0" timestamp="20 Feb 2023 13:38:14 GMT" skipped="0">
  <testcase classname="com.testngInterview.AnnotationTest" name="test1" time="0.006"/>
  <testcase classname="com.testngInterview.AnnotationTest" name="test2" time="0.003"/>
</testsuite> <!-- com.testngInterview.AnnotationTest -->
