<?xml version="1.0" encoding="UTF-8"?>
<!-- Generated by org.testng.reporters.JUnitReportReporter -->
<testsuite hostname="Karthick" failures="0" tests="3" name="com.testngLearning.SuiteExample" time="7.195" errors="0" timestamp="22 Feb 2023 14:16:51 GMT" skipped="0">
  <testcase classname="com.testngLearning.SuiteExample" name="OpenBeing" time="5.505"/>
  <testcase classname="com.testngLearning.SuiteExample" name="OpenGoogle" time="0.067"/>
  <testcase classname="com.testngLearning.SuiteExample" name="OpenYahoo" time="1.623"/>
</testsuite> <!-- com.testngLearning.SuiteExample -->
