<?xml version="1.0" encoding="UTF-8"?>
<!-- Generated by org.testng.reporters.JUnitReportReporter -->
<testsuite hostname="Karthick" failures="0" tests="1" name="com.testngInterview.TimeOutExample" time="2.019" errors="0" timestamp="20 Feb 2023 13:58:03 GMT" skipped="0">
  <testcase classname="com.testngInterview.TimeOutExample" name="Test" time="2.019"/>
</testsuite> <!-- com.testngInterview.TimeOutExample -->
