<?xml version="1.0" encoding="UTF-8"?>
<!-- Generated by org.testng.reporters.JUnitReportReporter -->
<testsuite hostname="Karthick" failures="0" tests="8" name="com.testngLearning.GroupingExample" time="0.014" errors="0" timestamp="22 Feb 2023 14:43:45 GMT" skipped="0">
  <testcase classname="com.testngLearning.GroupingExample" name="Apple2" time="0.000"/>
  <testcase classname="com.testngLearning.GroupingExample" name="Vivo2" time="0.001"/>
  <testcase classname="com.testngLearning.GroupingExample" name="Moto2" time="0.001"/>
  <testcase classname="com.testngLearning.GroupingExample" name="Apple1" time="0.007"/>
  <testcase classname="com.testngLearning.GroupingExample" name="Vivo1" time="0.001"/>
  <testcase classname="com.testngLearning.GroupingExample" name="Moto1" time="0.001"/>
  <testcase classname="com.testngLearning.GroupingExample" name="Orange1" time="0.002"/>
  <testcase classname="com.testngLearning.GroupingExample" name="Orange2" time="0.001"/>
</testsuite> <!-- com.testngLearning.GroupingExample -->
