<?xml version="1.0" encoding="UTF-8"?>
<!-- Generated by org.testng.reporters.JUnitReportReporter -->
<testsuite hostname="Karthick" failures="0" tests="1" name="com.testngLearning.PriorityUsingOrder" time="0.001" errors="0" timestamp="22 Feb 2023 14:16:51 GMT" skipped="0">
  <testcase classname="com.testngLearning.PriorityUsingOrder" name="StartTheCar" time="0.001"/>
</testsuite> <!-- com.testngLearning.PriorityUsingOrder -->
