<?xml version="1.0" encoding="UTF-8"?>
<!-- Generated by org.testng.reporters.JUnitReportReporter -->
<testsuite hostname="Karthick" failures="0" tests="2" name="com.testngLearning.SkippedTestCase" time="0.002" errors="0" timestamp="22 Feb 2023 14:16:51 GMT" skipped="1">
  <testcase classname="com.testngLearning.SkippedTestCase" name="StartTheCar" time="0.002"/>
  <testcase classname="com.testngLearning.SkippedTestCase" name="PutFourthGear">
    <skipped/>
  </testcase> <!-- PutFourthGear -->
</testsuite> <!-- com.testngLearning.SkippedTestCase -->
