<?xml version="1.0" encoding="UTF-8"?>
<!-- Generated by org.testng.reporters.JUnitReportReporter -->
<testsuite hostname="Karthick" failures="0" tests="2" name="com.testngLearning.AnnotationHierachyExample" time="0.005" errors="0" timestamp="22 Feb 2023 16:30:34 GMT" skipped="0">
  <testcase classname="com.testngLearning.AnnotationHierachyExample" name="Test1" time="0.004"/>
  <testcase classname="com.testngLearning.AnnotationHierachyExample" name="Test2" time="0.001"/>
</testsuite> <!-- com.testngLearning.AnnotationHierachyExample -->
